This is pdfTeX, Version 3.1415926-2.5-1.40.14 (MiKTeX 2.9 64-bit) (preloaded format=latex 2015.7.7)  16 JUL 2015 16:45
entering extended mode
**pcs.tex
(C:\Users\Felix\Documents\paper\pcs.tex
LaTeX2e <2011/06/27>
Babel <v3.8m> and hyphenation patterns for english, afrikaans, ancientgreek, ar
abic, armenian, assamese, basque, bengali, bokmal, bulgarian, catalan, coptic, 
croatian, czech, danish, dutch, esperanto, estonian, farsi, finnish, french, ga
lician, german, german-x-2013-05-26, greek, gujarati, hindi, hungarian, iceland
ic, indonesian, interlingua, irish, italian, kannada, kurmanji, latin, latvian,
 lithuanian, malayalam, marathi, mongolian, mongolianlmc, monogreek, ngerman, n
german-x-2013-05-26, nynorsk, oriya, panjabi, pinyin, polish, portuguese, roman
ian, russian, sanskrit, serbian, slovak, slovenian, spanish, swedish, swissgerm
an, tamil, telugu, turkish, turkmen, ukenglish, ukrainian, uppersorbian, usengl
ishmax, welsh, loaded.

! LaTeX Error: Missing \begin{document}.

See the LaTeX manual or LaTeX Companion for explanation.
Type  H <return>  for immediate help.
 ...                                              
                                                  
l.1 T
     hree performance calculators (PC) are used for the error calculation:
You're in trouble here.  Try typing  <return>  to proceed.
If that doesn't work, type  X <return>  to quit.

Missing character: There is no T in font nullfont!
Missing character: There is no h in font nullfont!
Missing character: There is no r in font nullfont!
Missing character: There is no e in font nullfont!
Missing character: There is no e in font nullfont!
Missing character: There is no p in font nullfont!
Missing character: There is no e in font nullfont!
Missing character: There is no r in font nullfont!
Missing character: There is no f in font nullfont!
Missing character: There is no o in font nullfont!
Missing character: There is no r in font nullfont!
Missing character: There is no m in font nullfont!
Missing character: There is no a in font nullfont!
Missing character: There is no n in font nullfont!
Missing character: There is no c in font nullfont!
Missing character: There is no e in font nullfont!
Missing character: There is no c in font nullfont!
Missing character: There is no a in font nullfont!
Missing character: There is no l in font nullfont!
Missing character: There is no c in font nullfont!
Missing character: There is no u in font nullfont!
Missing character: There is no l in font nullfont!
Missing character: There is no a in font nullfont!
Missing character: There is no t in font nullfont!
Missing character: There is no o in font nullfont!
Missing character: There is no r in font nullfont!
Missing character: There is no s in font nullfont!
Missing character: There is no ( in font nullfont!
Missing character: There is no P in font nullfont!
Missing character: There is no C in font nullfont!
Missing character: There is no ) in font nullfont!
Missing character: There is no a in font nullfont!
Missing character: There is no r in font nullfont!
Missing character: There is no e in font nullfont!
Missing character: There is no u in font nullfont!
Missing character: There is no s in font nullfont!
Missing character: There is no e in font nullfont!
Missing character: There is no d in font nullfont!
Missing character: There is no f in font nullfont!
Missing character: There is no o in font nullfont!
Missing character: There is no r in font nullfont!
Missing character: There is no t in font nullfont!
Missing character: There is no h in font nullfont!
Missing character: There is no e in font nullfont!
Missing character: There is no e in font nullfont!
Missing character: There is no r in font nullfont!
Missing character: There is no r in font nullfont!
Missing character: There is no o in font nullfont!
Missing character: There is no r in font nullfont!
Missing character: There is no c in font nullfont!
Missing character: There is no a in font nullfont!
Missing character: There is no l in font nullfont!
Missing character: There is no c in font nullfont!
Missing character: There is no u in font nullfont!
Missing character: There is no l in font nullfont!
Missing character: There is no a in font nullfont!
Missing character: There is no t in font nullfont!
Missing character: There is no i in font nullfont!
Missing character: There is no o in font nullfont!
Missing character: There is no n in font nullfont!
Missing character: There is no : in font nullfont!

Overfull \hbox (20.0pt too wide) in paragraph at lines 1--3
[]
 []


Overfull \hbox (14.58879pt too wide) in paragraph at lines 1--3
\OT1/cmr/m/it/10 We
 []


Overfull \hbox (13.28879pt too wide) in paragraph at lines 1--3
\OT1/cmr/m/it/10 de-
 []


Overfull \hbox (24.6609pt too wide) in paragraph at lines 1--3
\OT1/cmr/m/it/10 scribe
 []


Overfull \hbox (18.01651pt too wide) in paragraph at lines 1--3
\OT1/cmr/m/it/10 here
 []


Overfull \hbox (13.03323pt too wide) in paragraph at lines 1--3
\OT1/cmr/m/it/10 the
 []


Overfull \hbox (16.9943pt too wide) in paragraph at lines 1--3
\OT1/cmr/m/it/10 per-
 []


Overfull \hbox (15.9721pt too wide) in paragraph at lines 1--3
\OT1/cmr/m/it/10 for-
 []


Overfull \hbox (27.59981pt too wide) in paragraph at lines 1--3
\OT1/cmr/m/it/10 mance
 []


Overfull \hbox (15.3332pt too wide) in paragraph at lines 1--3
\OT1/cmr/m/it/10 cal-
 []


Overfull \hbox (13.54434pt too wide) in paragraph at lines 1--3
\OT1/cmr/m/it/10 cu-
 []


Overfull \hbox (11.24437pt too wide) in paragraph at lines 1--3
\OT1/cmr/m/it/10 la-
 []


Overfull \hbox (16.73877pt too wide) in paragraph at lines 1--3
\OT1/cmr/m/it/10 tors
 []


Overfull \hbox (24.78871pt too wide) in paragraph at lines 1--3
\OT1/cmr/m/it/10 them-
 []


Overfull \hbox (27.59981pt too wide) in paragraph at lines 1--3
\OT1/cmr/m/it/10 selves,
 []


Overfull \hbox (14.05547pt too wide) in paragraph at lines 1--3
\OT1/cmr/m/it/10 not
 []


Overfull \hbox (13.03323pt too wide) in paragraph at lines 1--3
\OT1/cmr/m/it/10 the
 []


Overfull \hbox (12.39433pt too wide) in paragraph at lines 1--3
\OT1/cmr/m/it/10 er-
 []


Overfull \hbox (13.03322pt too wide) in paragraph at lines 1--3
\OT1/cmr/m/it/10 ror
 []


Overfull \hbox (15.3332pt too wide) in paragraph at lines 1--3
\OT1/cmr/m/it/10 cal-
 []


Overfull \hbox (13.54434pt too wide) in paragraph at lines 1--3
\OT1/cmr/m/it/10 cu-
 []


Overfull \hbox (11.24437pt too wide) in paragraph at lines 1--3
\OT1/cmr/m/it/10 la-
 []


Overfull \hbox (17.12212pt too wide) in paragraph at lines 1--3
\OT1/cmr/m/it/10 tion
 []


Overfull \hbox (28.11093pt too wide) in paragraph at lines 1--3
\OT1/cmr/m/it/10 (that's
 []


Overfull \hbox (16.61101pt too wide) in paragraph at lines 1--3
\OT1/cmr/m/it/10 why
 []


Overfull \hbox (3.85553pt too wide) in paragraph at lines 1--3
\OT1/cmr/m/it/10 I
 []


Overfull \hbox (21.97763pt too wide) in paragraph at lines 1--3
\OT1/cmr/m/it/10 men-
 []


Overfull \hbox (17.12212pt too wide) in paragraph at lines 1--3
\OT1/cmr/m/it/10 tion
 []


Overfull \hbox (18.39986pt too wide) in paragraph at lines 1--3
\OT1/cmr/m/it/10 con-
 []


Overfull \hbox (16.86653pt too wide) in paragraph at lines 1--3
\OT1/cmr/m/it/10 ges-
 []


Overfull \hbox (17.12212pt too wide) in paragraph at lines 1--3
\OT1/cmr/m/it/10 tion
 []


Overfull \hbox (15.84436pt too wide) in paragraph at lines 1--3
\OT1/cmr/m/it/10 and
 []


Overfull \hbox (14.05547pt too wide) in paragraph at lines 1--3
\OT1/cmr/m/it/10 not
 []


Overfull \hbox (18.39986pt too wide) in paragraph at lines 1--3
\OT1/cmr/m/it/10 con-
 []


Overfull \hbox (16.86653pt too wide) in paragraph at lines 1--3
\OT1/cmr/m/it/10 ges-
 []


Overfull \hbox (17.12212pt too wide) in paragraph at lines 1--3
\OT1/cmr/m/it/10 tion
 []


Overfull \hbox (16.61098pt too wide) in paragraph at lines 1--3
\OT1/cmr/m/it/10 pat-
 []


Overfull \hbox (17.76097pt too wide) in paragraph at lines 1--3
\OT1/cmr/m/it/10 tern
 []


Overfull \hbox (12.52213pt too wide) in paragraph at lines 1--3
\OT1/cmr/m/it/10 fit-
 []


Overfull \hbox (23.76651pt too wide) in paragraph at lines 1--3
\OT1/cmr/m/it/10 ting). 
 []

Missing character: There is no ( in font nullfont!
Missing character: There is no V in font nullfont!
Missing character: There is no M in font nullfont!
Missing character: There is no T in font nullfont!
Missing character: There is no ) in font nullfont!
Missing character: There is no : in font nullfont!
Missing character: There is no s in font nullfont!
Missing character: There is no u in font nullfont!
Missing character: There is no m in font nullfont!
Missing character: There is no o in font nullfont!
Missing character: There is no f in font nullfont!
Missing character: There is no t in font nullfont!
Missing character: There is no h in font nullfont!
Missing character: There is no e in font nullfont!
Missing character: There is no d in font nullfont!
Missing character: There is no i in font nullfont!
Missing character: There is no s in font nullfont!
Missing character: There is no t in font nullfont!
Missing character: There is no a in font nullfont!
Missing character: There is no n in font nullfont!
Missing character: There is no c in font nullfont!
Missing character: There is no e in font nullfont!
Missing character: There is no t in font nullfont!
Missing character: There is no r in font nullfont!
Missing character: There is no a in font nullfont!
Missing character: There is no v in font nullfont!
Missing character: There is no e in font nullfont!
Missing character: There is no l in font nullfont!
Missing character: There is no l in font nullfont!
Missing character: There is no e in font nullfont!
Missing character: There is no d in font nullfont!
Missing character: There is no o in font nullfont!
Missing character: There is no n in font nullfont!
Missing character: There is no t in font nullfont!
Missing character: There is no h in font nullfont!
Missing character: There is no e in font nullfont!
Missing character: There is no m in font nullfont!
Missing character: There is no a in font nullfont!
Missing character: There is no i in font nullfont!
Missing character: There is no n in font nullfont!
Missing character: There is no l in font nullfont!
Missing character: There is no i in font nullfont!
Missing character: There is no n in font nullfont!
Missing character: There is no e in font nullfont!
Missing character: There is no b in font nullfont!
Missing character: There is no y in font nullfont!
Missing character: There is no e in font nullfont!
Missing character: There is no a in font nullfont!
Missing character: There is no c in font nullfont!
Missing character: There is no h in font nullfont!
Missing character: There is no c in font nullfont!
Missing character: There is no a in font nullfont!
Missing character: There is no r in font nullfont!
Missing character: There is no , in font nullfont!
Missing character: There is no o in font nullfont!
Missing character: There is no v in font nullfont!
Missing character: There is no e in font nullfont!
Missing character: There is no r in font nullfont!
Missing character: There is no t in font nullfont!
Missing character: There is no h in font nullfont!
Missing character: There is no e in font nullfont!
Missing character: There is no w in font nullfont!
Missing character: There is no h in font nullfont!
Missing character: There is no o in font nullfont!
Missing character: There is no l in font nullfont!
Missing character: There is no e in font nullfont!
Missing character: There is no d in font nullfont!
Missing character: There is no a in font nullfont!
Missing character: There is no y in font nullfont!
Missing character: There is no . in font nullfont!

Overfull \hbox (31.19978pt too wide) in paragraph at lines 4--5
\OT1/cmr/m/it/10 Vehicle
 []


Overfull \hbox (22.48875pt too wide) in paragraph at lines 4--5
\OT1/cmr/m/it/10 miles
 []


Overfull \hbox (20.31648pt too wide) in paragraph at lines 4--5
\OT1/cmr/m/it/10 trav-
 []


Overfull \hbox (16.35542pt too wide) in paragraph at lines 4--5
\OT1/cmr/m/it/10 eled
 []


Overfull \hbox (14.99991pt too wide) in paragraph at lines 4--5
\OT1/cmr/m/it/10 Ex-
 []


Overfull \hbox (21.46655pt too wide) in paragraph at lines 4--5
\OT1/cmr/m/it/10 plain
 []


Overfull \hbox (16.61101pt too wide) in paragraph at lines 4--5
\OT1/cmr/m/it/10 why
 []


Overfull \hbox (6.38884pt too wide) in paragraph at lines 4--5
\OT1/cmr/m/it/10 it
 []


Overfull \hbox (7.15552pt too wide) in paragraph at lines 4--5
\OT1/cmr/m/it/10 is
 []


Overfull \hbox (14.82213pt too wide) in paragraph at lines 4--5
\OT1/cmr/m/it/10 im-
 []


Overfull \hbox (17.50542pt too wide) in paragraph at lines 4--5
\OT1/cmr/m/it/10 por-
 []


Overfull \hbox (17.37766pt too wide) in paragraph at lines 4--5
\OT1/cmr/m/it/10 tant
 []


Overfull \hbox (8.68884pt too wide) in paragraph at lines 4--5
\OT1/cmr/m/it/10 in
 []


Overfull \hbox (18.78317pt too wide) in paragraph at lines 4--5
\OT1/cmr/m/it/10 traf-
 []


Overfull \hbox (10.22215pt too wide) in paragraph at lines 4--5
\OT1/cmr/m/it/10 fic
 []


Overfull \hbox (25.81094pt too wide) in paragraph at lines 4--5
\OT1/cmr/m/it/10 study,
 []


Overfull \hbox (16.61101pt too wide) in paragraph at lines 4--5
\OT1/cmr/m/it/10 why
 []


Overfull \hbox (11.24437pt too wide) in paragraph at lines 4--5
\OT1/cmr/m/it/10 we
 []


Overfull \hbox (19.42209pt too wide) in paragraph at lines 4--5
\OT1/cmr/m/it/10 have
 []


Overfull \hbox (18.39987pt too wide) in paragraph at lines 4--5
\OT1/cmr/m/it/10 cho-
 []


Overfull \hbox (14.31102pt too wide) in paragraph at lines 4--5
\OT1/cmr/m/it/10 sen
 []


Overfull \hbox (7.33745pt too wide) in paragraph at lines 4--5
\OT1/cmr/m/it/10 it 
 []

Missing character: There is no ( in font nullfont!
Missing character: There is no V in font nullfont!
Missing character: There is no H in font nullfont!
Missing character: There is no T in font nullfont!
Missing character: There is no ) in font nullfont!
Missing character: There is no : in font nullfont!
Missing character: There is no s in font nullfont!
Missing character: There is no u in font nullfont!
Missing character: There is no m in font nullfont!
Missing character: There is no o in font nullfont!
Missing character: There is no f in font nullfont!
Missing character: There is no t in font nullfont!
Missing character: There is no h in font nullfont!
Missing character: There is no e in font nullfont!
Missing character: There is no t in font nullfont!
Missing character: There is no i in font nullfont!
Missing character: There is no m in font nullfont!
Missing character: There is no e in font nullfont!
Missing character: There is no s in font nullfont!
Missing character: There is no p in font nullfont!
Missing character: There is no e in font nullfont!
Missing character: There is no n in font nullfont!
Missing character: There is no t in font nullfont!
Missing character: There is no o in font nullfont!
Missing character: There is no n in font nullfont!
Missing character: There is no t in font nullfont!
Missing character: There is no h in font nullfont!
Missing character: There is no e in font nullfont!
Missing character: There is no m in font nullfont!
Missing character: There is no a in font nullfont!
Missing character: There is no i in font nullfont!
Missing character: There is no n in font nullfont!
Missing character: There is no l in font nullfont!
Missing character: There is no i in font nullfont!
Missing character: There is no n in font nullfont!
Missing character: There is no e in font nullfont!
Missing character: There is no b in font nullfont!
Missing character: There is no y in font nullfont!
Missing character: There is no e in font nullfont!
Missing character: There is no a in font nullfont!
Missing character: There is no c in font nullfont!
Missing character: There is no h in font nullfont!
Missing character: There is no c in font nullfont!
Missing character: There is no a in font nullfont!
Missing character: There is no r in font nullfont!
Missing character: There is no , in font nullfont!
Missing character: There is no o in font nullfont!
Missing character: There is no v in font nullfont!
Missing character: There is no e in font nullfont!
Missing character: There is no r in font nullfont!
Missing character: There is no t in font nullfont!
Missing character: There is no h in font nullfont!
Missing character: There is no e in font nullfont!
Missing character: There is no w in font nullfont!
Missing character: There is no h in font nullfont!
Missing character: There is no o in font nullfont!
Missing character: There is no l in font nullfont!
Missing character: There is no e in font nullfont!
Missing character: There is no d in font nullfont!
Missing character: There is no a in font nullfont!
Missing character: There is no y in font nullfont!
Missing character: There is no . in font nullfont!

Overfull \hbox (31.19978pt too wide) in paragraph at lines 5--6
\OT1/cmr/m/it/10 Vehicle
 []


Overfull \hbox (23.8943pt too wide) in paragraph at lines 5--6
\OT1/cmr/m/it/10 hours
 []


Overfull \hbox (20.31648pt too wide) in paragraph at lines 5--6
\OT1/cmr/m/it/10 trav-
 []


Overfull \hbox (16.35542pt too wide) in paragraph at lines 5--6
\OT1/cmr/m/it/10 eled
 []


Overfull \hbox (12.81657pt too wide) in paragraph at lines 5--6
\OT1/cmr/m/it/10 ex-
 []


Overfull \hbox (21.46655pt too wide) in paragraph at lines 5--6
\OT1/cmr/m/it/10 plain
 []


Overfull \hbox (16.61101pt too wide) in paragraph at lines 5--6
\OT1/cmr/m/it/10 why
 []


Overfull \hbox (6.38884pt too wide) in paragraph at lines 5--6
\OT1/cmr/m/it/10 it
 []


Overfull \hbox (7.15552pt too wide) in paragraph at lines 5--6
\OT1/cmr/m/it/10 is
 []


Overfull \hbox (14.82213pt too wide) in paragraph at lines 5--6
\OT1/cmr/m/it/10 im-
 []


Overfull \hbox (17.50542pt too wide) in paragraph at lines 5--6
\OT1/cmr/m/it/10 por-
 []


Overfull \hbox (17.37766pt too wide) in paragraph at lines 5--6
\OT1/cmr/m/it/10 tant
 []


Overfull \hbox (8.68884pt too wide) in paragraph at lines 5--6
\OT1/cmr/m/it/10 in
 []


Overfull \hbox (18.78317pt too wide) in paragraph at lines 5--6
\OT1/cmr/m/it/10 traf-
 []


Overfull \hbox (10.22215pt too wide) in paragraph at lines 5--6
\OT1/cmr/m/it/10 fic
 []


Overfull \hbox (25.81094pt too wide) in paragraph at lines 5--6
\OT1/cmr/m/it/10 study,
 []


Overfull \hbox (16.61101pt too wide) in paragraph at lines 5--6
\OT1/cmr/m/it/10 why
 []


Overfull \hbox (11.24437pt too wide) in paragraph at lines 5--6
\OT1/cmr/m/it/10 we
 []


Overfull \hbox (19.42209pt too wide) in paragraph at lines 5--6
\OT1/cmr/m/it/10 have
 []


Overfull \hbox (18.39987pt too wide) in paragraph at lines 5--6
\OT1/cmr/m/it/10 cho-
 []


Overfull \hbox (14.31102pt too wide) in paragraph at lines 5--6
\OT1/cmr/m/it/10 sen
 []


Overfull \hbox (7.33745pt too wide) in paragraph at lines 5--6
\OT1/cmr/m/it/10 it 
 []

Missing character: There is no : in font nullfont!
Missing character: There is no a in font nullfont!
Missing character: There is no c in font nullfont!
Missing character: There is no c in font nullfont!
Missing character: There is no o in font nullfont!
Missing character: There is no r in font nullfont!
Missing character: There is no d in font nullfont!
Missing character: There is no i in font nullfont!
Missing character: There is no n in font nullfont!
Missing character: There is no g in font nullfont!
Missing character: There is no t in font nullfont!
Missing character: There is no o in font nullfont!
Missing character: There is no t in font nullfont!
Missing character: There is no h in font nullfont!
Missing character: There is no e in font nullfont!
Missing character: There is no o in font nullfont!
Missing character: There is no r in font nullfont!
Missing character: There is no y in font nullfont!
Missing character: There is no , in font nullfont!
Missing character: There is no w in font nullfont!
Missing character: There is no e in font nullfont!
Missing character: There is no d in font nullfont!
Missing character: There is no e in font nullfont!
Missing character: There is no f in font nullfont!
Missing character: There is no i in font nullfont!
Missing character: There is no n in font nullfont!
Missing character: There is no e in font nullfont!
Missing character: There is no t in font nullfont!
Missing character: There is no h in font nullfont!
Missing character: There is no e in font nullfont!
Missing character: There is no c in font nullfont!
Missing character: There is no o in font nullfont!
Missing character: There is no n in font nullfont!
Missing character: There is no g in font nullfont!
Missing character: There is no e in font nullfont!
Missing character: There is no s in font nullfont!
Missing character: There is no t in font nullfont!
Missing character: There is no e in font nullfont!
Missing character: There is no d in font nullfont!
Missing character: There is no l in font nullfont!
Missing character: There is no i in font nullfont!
Missing character: There is no n in font nullfont!
Missing character: There is no k in font nullfont!
Missing character: There is no s in font nullfont!
Missing character: There is no a in font nullfont!
Missing character: There is no s in font nullfont!
Missing character: There is no t in font nullfont!
Missing character: There is no h in font nullfont!
Missing character: There is no e in font nullfont!
Missing character: There is no l in font nullfont!
Missing character: There is no i in font nullfont!
Missing character: There is no n in font nullfont!
Missing character: There is no k in font nullfont!
Missing character: There is no s in font nullfont!
Missing character: There is no w in font nullfont!
Missing character: There is no h in font nullfont!
Missing character: There is no e in font nullfont!
Missing character: There is no r in font nullfont!
Missing character: There is no e in font nullfont!
Missing character: There is no t in font nullfont!
Missing character: There is no h in font nullfont!
Missing character: There is no e in font nullfont!
Missing character: There is no d in font nullfont!
Missing character: There is no e in font nullfont!
Missing character: There is no n in font nullfont!
Missing character: There is no s in font nullfont!
Missing character: There is no i in font nullfont!
Missing character: There is no t in font nullfont!
Missing character: There is no y in font nullfont!
Missing character: There is no e in font nullfont!
Missing character: There is no x in font nullfont!
Missing character: There is no c in font nullfont!
Missing character: There is no e in font nullfont!
Missing character: There is no e in font nullfont!
Missing character: There is no d in font nullfont!
Missing character: There is no s in font nullfont!
Missing character: There is no t in font nullfont!
Missing character: There is no h in font nullfont!
Missing character: There is no e in font nullfont!
Missing character: There is no d in font nullfont!
Missing character: There is no e in font nullfont!
Missing character: There is no f in font nullfont!
Missing character: There is no i in font nullfont!
Missing character: There is no n in font nullfont!
Missing character: There is no e in font nullfont!
Missing character: There is no d in font nullfont!
Missing character: There is no b in font nullfont!
Missing character: There is no y in font nullfont!
Missing character: There is no t in font nullfont!
Missing character: There is no h in font nullfont!
Missing character: There is no e in font nullfont!
Missing character: There is no l in font nullfont!
Missing character: There is no i in font nullfont!
Missing character: There is no n in font nullfont!
Missing character: There is no k in font nullfont!
Missing character: There is no ' in font nullfont!
Missing character: There is no s in font nullfont!
Missing character: There is no f in font nullfont!
Missing character: There is no u in font nullfont!
Missing character: There is no n in font nullfont!
Missing character: There is no d in font nullfont!
Missing character: There is no a in font nullfont!
Missing character: There is no m in font nullfont!
Missing character: There is no e in font nullfont!
Missing character: There is no n in font nullfont!
Missing character: There is no t in font nullfont!
Missing character: There is no a in font nullfont!
Missing character: There is no l in font nullfont!
Missing character: There is no d in font nullfont!
Missing character: There is no i in font nullfont!
Missing character: There is no a in font nullfont!
Missing character: There is no g in font nullfont!
Missing character: There is no r in font nullfont!
Missing character: There is no a in font nullfont!
Missing character: There is no m in font nullfont!
Missing character: There is no . in font nullfont!
Missing character: There is no T in font nullfont!
Missing character: There is no h in font nullfont!
Missing character: There is no e in font nullfont!
Missing character: There is no m in font nullfont!
Missing character: There is no a in font nullfont!
Missing character: There is no i in font nullfont!
Missing character: There is no n in font nullfont!
Missing character: There is no f in font nullfont!
Missing character: There is no e in font nullfont!
Missing character: There is no a in font nullfont!
Missing character: There is no t in font nullfont!
Missing character: There is no u in font nullfont!
Missing character: There is no r in font nullfont!
Missing character: There is no e in font nullfont!
Missing character: There is no o in font nullfont!
Missing character: There is no f in font nullfont!
Missing character: There is no o in font nullfont!
Missing character: There is no u in font nullfont!
Missing character: There is no r in font nullfont!
Missing character: There is no m in font nullfont!
Missing character: There is no e in font nullfont!
Missing character: There is no t in font nullfont!
Missing character: There is no h in font nullfont!
Missing character: There is no o in font nullfont!
Missing character: There is no d in font nullfont!
Missing character: There is no i in font nullfont!
Missing character: There is no s in font nullfont!
Missing character: There is no t in font nullfont!
Missing character: There is no o in font nullfont!
Missing character: There is no f in font nullfont!
Missing character: There is no i in font nullfont!
Missing character: There is no t in font nullfont!
Missing character: There is no t in font nullfont!
Missing character: There is no h in font nullfont!
Missing character: There is no e in font nullfont!
Missing character: There is no l in font nullfont!
Missing character: There is no o in font nullfont!
Missing character: There is no c in font nullfont!
Missing character: There is no a in font nullfont!
Missing character: There is no t in font nullfont!
Missing character: There is no i in font nullfont!
Missing character: There is no o in font nullfont!
Missing character: There is no n in font nullfont!
Missing character: There is no s in font nullfont!
Missing character: There is no a in font nullfont!
Missing character: There is no n in font nullfont!
Missing character: There is no d in font nullfont!
Missing character: There is no t in font nullfont!
Missing character: There is no i in font nullfont!
Missing character: There is no m in font nullfont!
Missing character: There is no e in font nullfont!
Missing character: There is no s in font nullfont!
Missing character: There is no o in font nullfont!
Missing character: There is no f in font nullfont!
Missing character: There is no t in font nullfont!
Missing character: There is no h in font nullfont!
Missing character: There is no e in font nullfont!
Missing character: There is no s in font nullfont!
Missing character: There is no e in font nullfont!
Missing character: There is no c in font nullfont!
Missing character: There is no o in font nullfont!
Missing character: There is no n in font nullfont!
Missing character: There is no g in font nullfont!
Missing character: There is no e in font nullfont!
Missing character: There is no s in font nullfont!
Missing character: There is no t in font nullfont!
Missing character: There is no e in font nullfont!
Missing character: There is no d in font nullfont!
Missing character: There is no l in font nullfont!
Missing character: There is no i in font nullfont!
Missing character: There is no n in font nullfont!
Missing character: There is no k in font nullfont!
Missing character: There is no s in font nullfont!
Missing character: There is no t in font nullfont!
Missing character: There is no o in font nullfont!
Missing character: There is no w in font nullfont!
Missing character: There is no h in font nullfont!
Missing character: There is no a in font nullfont!
Missing character: There is no t in font nullfont!
Missing character: There is no t in font nullfont!
Missing character: There is no h in font nullfont!
Missing character: There is no e in font nullfont!
Missing character: There is no m in font nullfont!
Missing character: There is no e in font nullfont!
Missing character: There is no a in font nullfont!
Missing character: There is no s in font nullfont!
Missing character: There is no u in font nullfont!
Missing character: There is no r in font nullfont!
Missing character: There is no e in font nullfont!
Missing character: There is no m in font nullfont!
Missing character: There is no e in font nullfont!
Missing character: There is no n in font nullfont!
Missing character: There is no t in font nullfont!
Missing character: There is no s in font nullfont!
Missing character: There is no i in font nullfont!
Missing character: There is no n in font nullfont!
Missing character: There is no d in font nullfont!
Missing character: There is no i in font nullfont!
Missing character: There is no c in font nullfont!
Missing character: There is no a in font nullfont!
Missing character: There is no t in font nullfont!
Missing character: There is no e in font nullfont!
Missing character: There is no . in font nullfont!

Overfull \hbox (48.29968pt too wide) in paragraph at lines 6--8
\OT1/cmr/m/it/10 Congestion
 []


Overfull \hbox (24.53317pt too wide) in paragraph at lines 6--8
\OT1/cmr/m/it/10 blabla
 []


Overfull \hbox (18.78317pt too wide) in paragraph at lines 6--8
\OT1/cmr/m/it/10 crit-
 []


Overfull \hbox (6.6444pt too wide) in paragraph at lines 6--8
\OT1/cmr/m/it/10 i-
 []


Overfull \hbox (11.75546pt too wide) in paragraph at lines 6--8
\OT1/cmr/m/it/10 cal
 []


Overfull \hbox (18.91098pt too wide) in paragraph at lines 6--8
\OT1/cmr/m/it/10 den-
 []


Overfull \hbox (15.33322pt too wide) in paragraph at lines 6--8
\OT1/cmr/m/it/10 sity
 []


Overfull \hbox (12.81657pt too wide) in paragraph at lines 6--8
\OT1/cmr/m/it/10 ex-
 []


Overfull \hbox (21.46655pt too wide) in paragraph at lines 6--8
\OT1/cmr/m/it/10 plain
 []


Overfull \hbox (16.61101pt too wide) in paragraph at lines 6--8
\OT1/cmr/m/it/10 why
 []


Overfull \hbox (11.24437pt too wide) in paragraph at lines 6--8
\OT1/cmr/m/it/10 we
 []


Overfull \hbox (19.42209pt too wide) in paragraph at lines 6--8
\OT1/cmr/m/it/10 have
 []


Overfull \hbox (18.39987pt too wide) in paragraph at lines 6--8
\OT1/cmr/m/it/10 cho-
 []


Overfull \hbox (14.31102pt too wide) in paragraph at lines 6--8
\OT1/cmr/m/it/10 sen
 []


Overfull \hbox (7.33745pt too wide) in paragraph at lines 6--8
\OT1/cmr/m/it/10 it 
 []

)
! Emergency stop.
<*> pcs.tex
           
*** (job aborted, no legal \end found)

 
Here is how much of TeX's memory you used:
 12 strings out of 493922
 201 string characters out of 3147306
 51031 words of memory out of 3000000
 3404 multiletter control sequences out of 15000+200000
 3986 words of font info for 15 fonts, out of 3000000 for 9000
 841 hyphenation exceptions out of 8191
 14i,1n,10p,351b,105s stack positions out of 5000i,500n,10000p,200000b,50000s
No pages of output.
